# JRE version: OpenJDK Runtime Environment Temurin-21.0.12.1+1 (21.0.12.1+1) (build 21.0.12.1+1-LTS)
# Java VM: OpenJDK 64-Bit Server VM Temurin-21.0.12.1+1 (21.0.12.1+1-LTS, mixed mode, sharing, tiered, compressed oops, compressed class ptrs, g1 gc, windows-amd64)
GC Precious Log:
 CardTable entry size: 512
 Card Set container configuration: InlinePtr #cards 5 size 8 Array Of Cards #cards 12 size 40 Howl #buckets 4 coarsen threshold 1843 Howl Bitmap #cards 512 size 80 coarsen threshold 460 Card regions per heap region 1 cards per card region 2048
 CPUs: 8 total, 8 available
 Memory: 16082M
 Large Page Support: Disabled
 NUMA Support: Disabled
 Compressed Oops: Enabled (32-bit)
 Heap Region Size: 1M
 Heap Min Capacity: 8M
 Heap Initial Capacity: 252M
 Heap Max Capacity: 2G
 Pre-touch: Disabled
 Parallel Workers: 8
 Concurrent Workers: 2
 Concurrent Refinement Workers: 8
 Periodic GC: Disabled
Heap:
 garbage-first heap   total 100352K, used 64010K [0x0000000080000000, 0x0000000100000000)
  region size 1024K, 2 young (2048K), 1 survivors (1024K)
 Metaspace       used 57582K, committed 59520K, reserved 1114112K
  class space    used 8334K, committed 9280K, reserved 1048576K
GC Heap History (20 events):
Event: 220.324 GC heap before
{Heap before GC invocations=8 (full 0):
 garbage-first heap   total 89088K, used 75835K [0x0000000080000000, 0x0000000100000000)
  region size 1024K, 48 young (49152K), 4 survivors (4096K)
 Metaspace       used 39575K, committed 41152K, reserved 1114112K
  class space    used 5736K, committed 6528K, reserved 1048576K
}
Event: 220.330 GC heap after
{Heap after GC invocations=9 (full 0):
 garbage-first heap   total 89088K, used 35300K [0x0000000080000000, 0x0000000100000000)
  region size 1024K, 6 young (6144K), 6 survivors (6144K)
 Metaspace       used 39575K, committed 41152K, reserved 1114112K
  class space    used 5736K, committed 6528K, reserved 1048576K
}
Event: 225.780 GC heap before
{Heap before GC invocations=9 (full 0):
 garbage-first heap   total 89088K, used 76260K [0x0000000080000000, 0x0000000100000000)
  region size 1024K, 46 young (47104K), 6 survivors (6144K)
 Metaspace       used 44467K, committed 46208K, reserved 1114112K
  class space    used 6528K, committed 7360K, reserved 1048576K
}
Event: 225.787 GC heap after
{Heap after GC invocations=10 (full 0):
 garbage-first heap   total 89088K, used 35879K [0x0000000080000000, 0x0000000100000000)
  region size 1024K, 3 young (3072K), 3 survivors (3072K)
 Metaspace       used 44467K, committed 46208K, reserved 1114112K
  class space    used 6528K, committed 7360K, reserved 1048576K
}
Event: 235.700 GC heap before
{Heap before GC invocations=10 (full 0):
 garbage-first heap   total 89088K, used 77863K [0x0000000080000000, 0x0000000100000000)
  region size 1024K, 44 young (45056K), 3 survivors (3072K)
 Metaspace       used 49454K, committed 51136K, reserved 1114112K
  class space    used 7259K, committed 8064K, reserved 1048576K
}
Event: 235.704 GC heap after
{Heap after GC invocations=11 (full 0):
 garbage-first heap   total 89088K, used 37179K [0x0000000080000000, 0x0000000100000000)
  region size 1024K, 4 young (4096K), 4 survivors (4096K)
 Metaspace       used 49454K, committed 51136K, reserved 1114112K
  class space    used 7259K, committed 8064K, reserved 1048576K
}
Event: 255.241 GC heap before
{Heap before GC invocations=11 (full 0):
 garbage-first heap   total 89088K, used 79163K [0x0000000080000000, 0x0000000100000000)
  region size 1024K, 45 young (46080K), 4 survivors (4096K)
 Metaspace       used 53730K, committed 55680K, reserved 1114112K
  class space    used 7921K, committed 8896K, reserved 1048576K
}
Event: 255.248 GC heap after
{Heap after GC invocations=12 (full 0):
 garbage-first heap   total 89088K, used 39841K [0x0000000080000000, 0x0000000100000000)
  region size 1024K, 5 young (5120K), 5 survivors (5120K)
 Metaspace       used 53730K, committed 55680K, reserved 1114112K
  class space    used 7921K, committed 8896K, reserved 1048576K
}
Event: 353.553 GC heap before
{Heap before GC invocations=12 (full 0):
 garbage-first heap   total 89088K, used 77729K [0x0000000080000000, 0x0000000100000000)
  region size 1024K, 43 young (44032K), 5 survivors (5120K)
 Metaspace       used 55825K, committed 57792K, reserved 1114112K
  class space    used 8207K, committed 9152K, reserved 1048576K
}
Event: 353.620 GC heap after
{Heap after GC invocations=13 (full 0):
 garbage-first heap   total 89088K, used 43036K [0x0000000080000000, 0x0000000100000000)
  region size 1024K, 6 young (6144K), 6 survivors (6144K)
 Metaspace       used 55825K, committed 57792K, reserved 1114112K
  class space    used 8207K, committed 9152K, reserved 1048576K
}
Event: 422.285 GC heap before
{Heap before GC invocations=13 (full 0):
 garbage-first heap   total 89088K, used 78876K [0x0000000080000000, 0x0000000100000000)
  region size 1024K, 42 young (43008K), 6 survivors (6144K)
 Metaspace       used 56130K, committed 58048K, reserved 1114112K
  class space    used 8211K, committed 9152K, reserved 1048576K
}
Event: 422.318 GC heap after
{Heap after GC invocations=14 (full 0):
 garbage-first heap   total 90112K, used 46148K [0x0000000080000000, 0x0000000100000000)
  region size 1024K, 6 young (6144K), 6 survivors (6144K)
 Metaspace       used 56130K, committed 58048K, reserved 1114112K
  class space    used 8211K, committed 9152K, reserved 1048576K
}
Event: 424.052 GC heap before
{Heap before GC invocations=14 (full 0):
 garbage-first heap   total 90112K, used 78916K [0x0000000080000000, 0x0000000100000000)
  region size 1024K, 39 young (39936K), 6 survivors (6144K)
 Metaspace       used 56450K, committed 58368K, reserved 1114112K
  class space    used 8212K, committed 9152K, reserved 1048576K
}
Event: 424.077 GC heap after
{Heap after GC invocations=15 (full 0):
 garbage-first heap   total 90112K, used 47795K [0x0000000080000000, 0x0000000100000000)
  region size 1024K, 2 young (2048K), 2 survivors (2048K)
 Metaspace       used 56450K, committed 58368K, reserved 1114112K
  class space    used 8212K, committed 9152K, reserved 1048576K
}
Event: 425.662 GC heap before
{Heap before GC invocations=16 (full 0):
 garbage-first heap   total 90112K, used 80563K [0x0000000080000000, 0x0000000100000000)
  region size 1024K, 35 young (35840K), 2 survivors (2048K)
 Metaspace       used 56536K, committed 58432K, reserved 1114112K
  class space    used 8212K, committed 9152K, reserved 1048576K
}
Event: 425.666 GC heap after
{Heap after GC invocations=17 (full 0):
 garbage-first heap   total 90112K, used 48236K [0x0000000080000000, 0x0000000100000000)
  region size 1024K, 3 young (3072K), 3 survivors (3072K)
 Metaspace       used 56536K, committed 58432K, reserved 1114112K
  class space    used 8212K, committed 9152K, reserved 1048576K
}
Event: 451.967 GC heap before
{Heap before GC invocations=17 (full 0):
 garbage-first heap   total 90112K, used 88172K [0x0000000080000000, 0x0000000100000000)
  region size 1024K, 35 young (35840K), 3 survivors (3072K)
 Metaspace       used 57449K, committed 59392K, reserved 1114112K
  class space    used 8325K, committed 9280K, reserved 1048576K
}
Event: 451.979 GC heap after
{Heap after GC invocations=18 (full 0):
 garbage-first heap   total 100352K, used 62264K [0x0000000080000000, 0x0000000100000000)
  region size 1024K, 5 young (5120K), 5 survivors (5120K)
 Metaspace       used 57449K, committed 59392K, reserved 1114112K
  class space    used 8325K, committed 9280K, reserved 1048576K
}
Event: 453.459 GC heap before
{Heap before GC invocations=18 (full 0):
 garbage-first heap   total 100352K, used 64312K [0x0000000080000000, 0x0000000100000000)
  region size 1024K, 8 young (8192K), 5 survivors (5120K)
 Metaspace       used 57582K, committed 59520K, reserved 1114112K
  class space    used 8334K, committed 9280K, reserved 1048576K
}
Event: 453.464 GC heap after
{Heap after GC invocations=19 (full 0):
 garbage-first heap   total 100352K, used 62986K [0x0000000080000000, 0x0000000100000000)
  region size 1024K, 1 young (1024K), 1 survivors (1024K)
 Metaspace       used 57582K, committed 59520K, reserved 1114112K
  class space    used 8334K, committed 9280K, reserved 1048576K
}

