# JRE version: OpenJDK Runtime Environment Temurin-21.0.12.1+1 (21.0.12.1+1) (build 21.0.12.1+1-LTS)
# Java VM: OpenJDK 64-Bit Server VM Temurin-21.0.12.1+1 (21.0.12.1+1-LTS, mixed mode, sharing, tiered, compressed oops, compressed class ptrs, g1 gc, windows-amd64)
GC Precious Log:
 CardTable entry size: 512
 Card Set container configuration: InlinePtr #cards 5 size 8 Array Of Cards #cards 12 size 40 Howl #buckets 4 coarsen threshold 1843 Howl Bitmap #cards 512 size 80 coarsen threshold 460 Card regions per heap region 1 cards per card region 2048
 CPUs: 8 total, 8 available
 Memory: 16082M
 Large Page Support: Disabled
 NUMA Support: Disabled
 Compressed Oops: Enabled (32-bit)
 Heap Region Size: 1M
 Heap Min Capacity: 8M
 Heap Initial Capacity: 252M
 Heap Max Capacity: 2G
 Pre-touch: Disabled
 Parallel Workers: 8
 Concurrent Workers: 2
 Concurrent Refinement Workers: 8
 Periodic GC: Disabled
Heap:
 garbage-first heap   total 150528K, used 97141K [0x0000000080000000, 0x0000000100000000)
  region size 1024K, 4 young (4096K), 4 survivors (4096K)
 Metaspace       used 96382K, committed 98688K, reserved 1179648K
  class space    used 13752K, committed 14912K, reserved 1048576K
GC Heap History (20 events):
Event: 271.784 GC heap after
{Heap after GC invocations=40 (full 0):
 garbage-first heap   total 139264K, used 78565K [0x0000000080000000, 0x0000000100000000)
  region size 1024K, 3 young (3072K), 3 survivors (3072K)
 Metaspace       used 77302K, committed 79360K, reserved 1179648K
  class space    used 11009K, committed 12032K, reserved 1048576K
}
Event: 273.056 GC heap before
{Heap before GC invocations=40 (full 0):
 garbage-first heap   total 139264K, used 120549K [0x0000000080000000, 0x0000000100000000)
  region size 1024K, 44 young (45056K), 3 survivors (3072K)
 Metaspace       used 80339K, committed 82496K, reserved 1179648K
  class space    used 11529K, committed 12608K, reserved 1048576K
}
Event: 273.061 GC heap after
{Heap after GC invocations=41 (full 0):
 garbage-first heap   total 139264K, used 78292K [0x0000000080000000, 0x0000000100000000)
  region size 1024K, 5 young (5120K), 5 survivors (5120K)
 Metaspace       used 80339K, committed 82496K, reserved 1179648K
  class space    used 11529K, committed 12608K, reserved 1048576K
}
Event: 274.166 GC heap before
{Heap before GC invocations=41 (full 0):
 garbage-first heap   total 139264K, used 121300K [0x0000000080000000, 0x0000000100000000)
  region size 1024K, 47 young (48128K), 5 survivors (5120K)
 Metaspace       used 83407K, committed 85696K, reserved 1179648K
  class space    used 12008K, committed 13120K, reserved 1048576K
}
Event: 274.179 GC heap after
{Heap after GC invocations=42 (full 0):
 garbage-first heap   total 139264K, used 80593K [0x0000000080000000, 0x0000000100000000)
  region size 1024K, 5 young (5120K), 5 survivors (5120K)
 Metaspace       used 83407K, committed 85696K, reserved 1179648K
  class space    used 12008K, committed 13120K, reserved 1048576K
}
Event: 330.401 GC heap before
{Heap before GC invocations=43 (full 0):
 garbage-first heap   total 139264K, used 124625K [0x0000000080000000, 0x0000000100000000)
  region size 1024K, 48 young (49152K), 5 survivors (5120K)
 Metaspace       used 86240K, committed 88576K, reserved 1179648K
  class space    used 12403K, committed 13568K, reserved 1048576K
}
Event: 330.504 GC heap after
{Heap after GC invocations=44 (full 0):
 garbage-first heap   total 139264K, used 82242K [0x0000000080000000, 0x0000000100000000)
  region size 1024K, 4 young (4096K), 4 survivors (4096K)
 Metaspace       used 86240K, committed 88576K, reserved 1179648K
  class space    used 12403K, committed 13568K, reserved 1048576K
}
Event: 418.699 GC heap before
{Heap before GC invocations=44 (full 0):
 garbage-first heap   total 139264K, used 126274K [0x0000000080000000, 0x0000000100000000)
  region size 1024K, 47 young (48128K), 4 survivors (4096K)
 Metaspace       used 86506K, committed 88832K, reserved 1179648K
  class space    used 12403K, committed 13568K, reserved 1048576K
}
Event: 419.554 GC heap after
{Heap after GC invocations=45 (full 0):
 garbage-first heap   total 139264K, used 83203K [0x0000000080000000, 0x0000000100000000)
  region size 1024K, 5 young (5120K), 5 survivors (5120K)
 Metaspace       used 86506K, committed 88832K, reserved 1179648K
  class space    used 12403K, committed 13568K, reserved 1048576K
}
Event: 437.758 GC heap before
{Heap before GC invocations=45 (full 0):
 garbage-first heap   total 139264K, used 127235K [0x0000000080000000, 0x0000000100000000)
  region size 1024K, 48 young (49152K), 5 survivors (5120K)
 Metaspace       used 87817K, committed 90112K, reserved 1179648K
  class space    used 12583K, committed 13760K, reserved 1048576K
}
Event: 437.782 GC heap after
{Heap after GC invocations=46 (full 0):
 garbage-first heap   total 139264K, used 86930K [0x0000000080000000, 0x0000000100000000)
  region size 1024K, 6 young (6144K), 6 survivors (6144K)
 Metaspace       used 87817K, committed 90112K, reserved 1179648K
  class space    used 12583K, committed 13760K, reserved 1048576K
}
Event: 439.029 GC heap before
{Heap before GC invocations=47 (full 0):
 garbage-first heap   total 145408K, used 127890K [0x0000000080000000, 0x0000000100000000)
  region size 1024K, 46 young (47104K), 6 survivors (6144K)
 Metaspace       used 90051K, committed 92352K, reserved 1179648K
  class space    used 12880K, committed 14016K, reserved 1048576K
}
Event: 439.042 GC heap after
{Heap after GC invocations=48 (full 0):
 garbage-first heap   total 145408K, used 90146K [0x0000000080000000, 0x0000000100000000)
  region size 1024K, 3 young (3072K), 3 survivors (3072K)
 Metaspace       used 90051K, committed 92352K, reserved 1179648K
  class space    used 12880K, committed 14016K, reserved 1048576K
}
Event: 439.108 GC heap before
{Heap before GC invocations=48 (full 0):
 garbage-first heap   total 145408K, used 94242K [0x0000000080000000, 0x0000000100000000)
  region size 1024K, 7 young (7168K), 3 survivors (3072K)
 Metaspace       used 90257K, committed 92544K, reserved 1179648K
  class space    used 12910K, committed 14080K, reserved 1048576K
}
Event: 439.112 GC heap after
{Heap after GC invocations=49 (full 0):
 garbage-first heap   total 145408K, used 90302K [0x0000000080000000, 0x0000000100000000)
  region size 1024K, 1 young (1024K), 1 survivors (1024K)
 Metaspace       used 90257K, committed 92544K, reserved 1179648K
  class space    used 12910K, committed 14080K, reserved 1048576K
}
Event: 439.771 GC heap before
{Heap before GC invocations=49 (full 0):
 garbage-first heap   total 145408K, used 126142K [0x0000000080000000, 0x0000000100000000)
  region size 1024K, 36 young (36864K), 1 survivors (1024K)
 Metaspace       used 91910K, committed 94208K, reserved 1179648K
  class space    used 13156K, committed 14336K, reserved 1048576K
}
Event: 439.776 GC heap after
{Heap after GC invocations=50 (full 0):
 garbage-first heap   total 145408K, used 94070K [0x0000000080000000, 0x0000000100000000)
  region size 1024K, 4 young (4096K), 4 survivors (4096K)
 Metaspace       used 91910K, committed 94208K, reserved 1179648K
  class space    used 13156K, committed 14336K, reserved 1048576K
}
Event: 440.309 GC heap before
{Heap before GC invocations=50 (full 0):
 garbage-first heap   total 145408K, used 118646K [0x0000000080000000, 0x0000000100000000)
  region size 1024K, 28 young (28672K), 4 survivors (4096K)
 Metaspace       used 93207K, committed 95552K, reserved 1179648K
  class space    used 13342K, committed 14528K, reserved 1048576K
}
Event: 440.318 GC heap after
{Heap after GC invocations=51 (full 0):
 garbage-first heap   total 145408K, used 95636K [0x0000000080000000, 0x0000000100000000)
  region size 1024K, 2 young (2048K), 2 survivors (2048K)
 Metaspace       used 93207K, committed 95552K, reserved 1179648K
  class space    used 13342K, committed 14528K, reserved 1048576K
}
Event: 443.450 GC heap before
{Heap before GC invocations=51 (full 0):
 garbage-first heap   total 145408K, used 134548K [0x0000000080000000, 0x0000000100000000)
  region size 1024K, 41 young (41984K), 2 survivors (2048K)
 Metaspace       used 96382K, committed 98688K, reserved 1179648K
  class space    used 13752K, committed 14912K, reserved 1048576K
}

