# JRE version: OpenJDK Runtime Environment Temurin-21.0.12.1+1 (21.0.12.1+1) (build 21.0.12.1+1-LTS)
# Java VM: OpenJDK 64-Bit Server VM Temurin-21.0.12.1+1 (21.0.12.1+1-LTS, mixed mode, sharing, tiered, compressed oops, compressed class ptrs, g1 gc, windows-amd64)
GC Precious Log:
 CardTable entry size: 512
 Card Set container configuration: InlinePtr #cards 5 size 8 Array Of Cards #cards 12 size 40 Howl #buckets 4 coarsen threshold 1843 Howl Bitmap #cards 512 size 80 coarsen threshold 460 Card regions per heap region 1 cards per card region 2048
 CPUs: 8 total, 8 available
 Memory: 16082M
 Large Page Support: Disabled
 NUMA Support: Disabled
 Compressed Oops: Enabled (32-bit)
 Heap Region Size: 1M
 Heap Min Capacity: 8M
 Heap Initial Capacity: 252M
 Heap Max Capacity: 2G
 Pre-touch: Disabled
 Parallel Workers: 8
 Concurrent Workers: 2
 Concurrent Refinement Workers: 8
 Periodic GC: Disabled
Heap:
 garbage-first heap   total 89088K, used 42070K [0x0000000080000000, 0x0000000100000000)
  region size 1024K, 12 young (12288K), 5 survivors (5120K)
 Metaspace       used 45743K, committed 47488K, reserved 1114112K
  class space    used 6703K, committed 7552K, reserved 1048576K
GC Heap History (16 events):
Event: 56.866 GC heap before
{Heap before GC invocations=0 (full 0):
 garbage-first heap   total 258048K, used 27648K [0x0000000080000000, 0x0000000100000000)
  region size 1024K, 23 young (23552K), 0 survivors (0K)
 Metaspace       used 3061K, committed 3200K, reserved 1114112K
  class space    used 375K, committed 448K, reserved 1048576K
}
Event: 62.824 GC heap after
{Heap after GC invocations=1 (full 0):
 garbage-first heap   total 258048K, used 10751K [0x0000000080000000, 0x0000000100000000)
  region size 1024K, 3 young (3072K), 3 survivors (3072K)
 Metaspace       used 3061K, committed 3200K, reserved 1114112K
  class space    used 375K, committed 448K, reserved 1048576K
}
Event: 83.836 GC heap before
{Heap before GC invocations=1 (full 0):
 garbage-first heap   total 258048K, used 40447K [0x0000000080000000, 0x0000000100000000)
  region size 1024K, 31 young (31744K), 3 survivors (3072K)
 Metaspace       used 4609K, committed 4800K, reserved 1114112K
  class space    used 593K, committed 704K, reserved 1048576K
}
Event: 83.842 GC heap after
{Heap after GC invocations=2 (full 0):
 garbage-first heap   total 258048K, used 16171K [0x0000000080000000, 0x0000000100000000)
  region size 1024K, 4 young (4096K), 4 survivors (4096K)
 Metaspace       used 4609K, committed 4800K, reserved 1114112K
  class space    used 593K, committed 704K, reserved 1048576K
}
Event: 315.059 GC heap before
{Heap before GC invocations=2 (full 0):
 garbage-first heap   total 258048K, used 127787K [0x0000000080000000, 0x0000000100000000)
  region size 1024K, 114 young (116736K), 4 survivors (4096K)
 Metaspace       used 20844K, committed 21504K, reserved 1114112K
  class space    used 2926K, committed 3264K, reserved 1048576K
}
Event: 316.343 GC heap after
{Heap after GC invocations=3 (full 0):
 garbage-first heap   total 258048K, used 24289K [0x0000000080000000, 0x0000000100000000)
  region size 1024K, 12 young (12288K), 12 survivors (12288K)
 Metaspace       used 20844K, committed 21504K, reserved 1114112K
  class space    used 2926K, committed 3264K, reserved 1048576K
}
Event: 329.423 GC heap before
{Heap before GC invocations=4 (full 0):
 garbage-first heap   total 89088K, used 66273K [0x0000000080000000, 0x0000000100000000)
  region size 1024K, 52 young (53248K), 12 survivors (12288K)
 Metaspace       used 26655K, committed 27584K, reserved 1114112K
  class space    used 3767K, committed 4224K, reserved 1048576K
}
Event: 329.435 GC heap after
{Heap after GC invocations=5 (full 0):
 garbage-first heap   total 89088K, used 27476K [0x0000000080000000, 0x0000000100000000)
  region size 1024K, 4 young (4096K), 4 survivors (4096K)
 Metaspace       used 26655K, committed 27584K, reserved 1114112K
  class space    used 3767K, committed 4224K, reserved 1048576K
}
Event: 344.274 GC heap before
{Heap before GC invocations=5 (full 0):
 garbage-first heap   total 89088K, used 71508K [0x0000000080000000, 0x0000000100000000)
  region size 1024K, 47 young (48128K), 4 survivors (4096K)
 Metaspace       used 32084K, committed 33408K, reserved 1114112K
  class space    used 4676K, committed 5312K, reserved 1048576K
}
Event: 344.285 GC heap after
{Heap after GC invocations=6 (full 0):
 garbage-first heap   total 89088K, used 29771K [0x0000000080000000, 0x0000000100000000)
  region size 1024K, 5 young (5120K), 5 survivors (5120K)
 Metaspace       used 32084K, committed 33408K, reserved 1114112K
  class space    used 4676K, committed 5312K, reserved 1048576K
}
Event: 354.279 GC heap before
{Heap before GC invocations=6 (full 0):
 garbage-first heap   total 89088K, used 54347K [0x0000000080000000, 0x0000000100000000)
  region size 1024K, 31 young (31744K), 5 survivors (5120K)
 Metaspace       used 36332K, committed 37696K, reserved 1114112K
  class space    used 5230K, committed 5952K, reserved 1048576K
}
Event: 354.286 GC heap after
{Heap after GC invocations=7 (full 0):
 garbage-first heap   total 89088K, used 31984K [0x0000000080000000, 0x0000000100000000)
  region size 1024K, 5 young (5120K), 5 survivors (5120K)
 Metaspace       used 36332K, committed 37696K, reserved 1114112K
  class space    used 5230K, committed 5952K, reserved 1048576K
}
Event: 378.381 GC heap before
{Heap before GC invocations=8 (full 0):
 garbage-first heap   total 89088K, used 76016K [0x0000000080000000, 0x0000000100000000)
  region size 1024K, 48 young (49152K), 5 survivors (5120K)
 Metaspace       used 40276K, committed 41856K, reserved 1114112K
  class space    used 5809K, committed 6592K, reserved 1048576K
}
Event: 378.398 GC heap after
{Heap after GC invocations=9 (full 0):
 garbage-first heap   total 89088K, used 35038K [0x0000000080000000, 0x0000000100000000)
  region size 1024K, 6 young (6144K), 6 survivors (6144K)
 Metaspace       used 40276K, committed 41856K, reserved 1114112K
  class space    used 5809K, committed 6592K, reserved 1048576K
}
Event: 410.168 GC heap before
{Heap before GC invocations=9 (full 0):
 garbage-first heap   total 89088K, used 75998K [0x0000000080000000, 0x0000000100000000)
  region size 1024K, 46 young (47104K), 6 survivors (6144K)
 Metaspace       used 44932K, committed 46720K, reserved 1114112K
  class space    used 6563K, committed 7424K, reserved 1048576K
}
Event: 410.178 GC heap after
{Heap after GC invocations=10 (full 0):
 garbage-first heap   total 89088K, used 35926K [0x0000000080000000, 0x0000000100000000)
  region size 1024K, 5 young (5120K), 5 survivors (5120K)
 Metaspace       used 44932K, committed 46720K, reserved 1114112K
  class space    used 6563K, committed 7424K, reserved 1048576K
}

